-------------------------------------------------------------------------------
Test set: LoginUserTest
-------------------------------------------------------------------------------
Tests run: 3, Failures: 1, Errors: 0, Skipped: 0, Time elapsed: 2.492 s <<< FAILURE! - in LoginUserTest
successLoginUser(LoginUserTest)  Time elapsed: 0.758 s  <<< FAILURE!
java.lang.AssertionError: 
1 expectation failed.
Expected status code <200> but was <401>.

	at LoginUserTest.successLoginUser(LoginUserTest.java:21)

