<?xml version="1.0" encoding="UTF-8"?>
<testsuite xmlns:xsi="http://www.w3.org/2001/XMLSchema-instance" xsi:noNamespaceSchemaLocation="https://maven.apache.org/surefire/maven-surefire-plugin/xsd/surefire-test-report.xsd" name="LoginUserTest" time="2.492" tests="3" errors="0" skipped="0" failures="1">
  <properties>
[...]
</properties>
  <testcase name="successLoginUser" classname="LoginUserTest" time="0.758">
    <failure message="1 expectation failed.&#10;Expected status code &lt;200&gt; but was &lt;401&gt;.&#10;" type="java.lang.AssertionError"><![CDATA[java.lang.AssertionError: 
1 expectation failed.
Expected status code <200> but was <401>.

	at LoginUserTest.successLoginUser(LoginUserTest.java:21)
]]></failure>
    <system-out><![CDATA[Body:
{
    "name": "Stefanie",
    "password": "j2mbwrorc",
    "email": "vincenzo.mante@yahoo.com"
}
{
    "success": true,
    "user": {
        "email": "vincenzo.mante@yahoo.com",
        "name": "Stefanie"
    },
    "accessToken": "Bearer eyJhbGciOiJIUzI1NiIsInR5cCI6IkpXVCJ9.eyJpZCI6IjY0NWUxZTQ0OWVkMjgwMDAxYjMyMTNhYiIsImlhdCI6MTY4Mzg4OTczMiwiZXhwIjoxNjgzODkwOTMyfQ.uoxaOvprDjSaynziZvuHspbxtYDzemE3htJBi12k8N4",
    "refreshToken": "455c742092b6d1bfcd52ecd236290f6b7232409277d68b873ec015d9023ae31ce436276ab32361d3"
}
Body:
{
    "email": "carol.bartoletti@hotmail.com",
    "password": "j2mbwrorc"
}
{
    "success": false,
    "message": "email or password are incorrect"
}
{
    "success": true,
    "message": "User successfully removed"
}
]]></system-out>
  </testcase>
  <testcase name="loginUserWithBadPassword" classname="LoginUserTest" time="0.92"/>
  <testcase name="loginUserWithBadEmail" classname="LoginUserTest" time="0.799"/>
</testsuite>